<?xml version="1.0" encoding="UTF-8"?>
<!-- Generated by org.testng.reporters.JUnitReportReporter -->
<testsuite hostname="DESKTOP-J5DL6TU" failures="0" tests="1" name="com.actitime.testscript.Customermoudule" time="6.091" errors="0" timestamp="2024-02-29T17:44:04 IST" skipped="0">
  <testcase classname="com.actitime.testscript.Customermoudule" name="CreateCustomer" time="6.091">
    <system-out>
      <![CDATA[Create customer]]>
    </system-out>
  </testcase> <!-- CreateCustomer -->
  <system-out>
    <![CDATA[OpenBrowser
Login
Create customer
Logout
CloseBrowser]]>
  </system-out>
</testsuite> <!-- com.actitime.testscript.Customermoudule -->
