<?xml version="1.0" encoding="UTF-8"?>
<!-- Generated by org.testng.reporters.JUnitReportReporter -->
<testsuite hostname="DESKTOP-J5DL6TU" failures="0" tests="1" name="com.actitime.testscript.Takescreenshot" time="8.954" errors="0" timestamp="2024-02-22T23:51:20 IST" skipped="0">
  <testcase classname="com.actitime.testscript.Takescreenshot" name="takescreenshot" time="8.954"/>
</testsuite> <!-- com.actitime.testscript.Takescreenshot -->
