<?xml version="1.0" encoding="UTF-8"?>
<!-- Generated by org.testng.reporters.JUnitReportReporter -->
<testsuite hostname="DESKTOP-J5DL6TU" failures="0" tests="1" name="com.actitime.testscript.Methodclass" time="6.040" errors="0" timestamp="2024-02-22T23:38:49 IST" skipped="0">
  <testcase classname="com.actitime.testscript.Methodclass" name="Createcustomer" time="6.040">
    <system-out>
      <![CDATA[hai]]>
    </system-out>
  </testcase> <!-- Createcustomer -->
  <system-out>
    <![CDATA[Open browser
Login
hai
Logout
Close browser]]>
  </system-out>
</testsuite> <!-- com.actitime.testscript.Methodclass -->
